<?xml version="1.0" encoding="UTF-8"?>
<!-- Generated by org.testng.reporters.JUnitXMLReporter -->
<testsuite hostname="DESKTOP-09QGL8M" ignored="0" name="Default test" tests="27" failures="2" timestamp="13 Dec 2020 07:02:53 GMT" time="41.993" errors="0">
  <testcase name="TC_01" time="0.016" classname="com.steerlean.scenarios.pet.PetPOST">
    <failure type="java.io.FileNotFoundException" message=".\src\main\resources\testcases\PetPostTCS.properties (The system cannot find the file specified)">
      <![CDATA[java.io.FileNotFoundException: .\src\main\resources\testcases\PetPostTCS.properties (The system cannot find the file specified)
at java.io.FileInputStream.open0(Native Method)
at java.io.FileInputStream.open(Unknown Source)
at java.io.FileInputStream.<init>(Unknown Source)
at com.steerlean.scenarios.pet.PetPOST.success(PetPOST.java:319)
at com.steerlean.scenarios.pet.PetPOST.TC_01(PetPOST.java:49)
at sun.reflect.NativeMethodAccessorImpl.invoke0(Native Method)
at sun.reflect.NativeMethodAccessorImpl.invoke(Unknown Source)
at sun.reflect.DelegatingMethodAccessorImpl.invoke(Unknown Source)
at java.lang.reflect.Method.invoke(Unknown Source)
at org.testng.internal.MethodInvocationHelper.invokeMethod(MethodInvocationHelper.java:124)
at org.testng.internal.Invoker.invokeMethod(Invoker.java:583)
at org.testng.internal.Invoker.invokeTestMethod(Invoker.java:719)
at org.testng.internal.Invoker.invokeTestMethods(Invoker.java:989)
at org.testng.internal.TestMethodWorker.invokeTestMethods(TestMethodWorker.java:125)
at org.testng.internal.TestMethodWorker.run(TestMethodWorker.java:109)
at org.testng.TestRunner.privateRun(TestRunner.java:648)
at org.testng.TestRunner.run(TestRunner.java:505)
at org.testng.SuiteRunner.runTest(SuiteRunner.java:455)
at org.testng.SuiteRunner.runSequentially(SuiteRunner.java:450)
at org.testng.SuiteRunner.privateRun(SuiteRunner.java:415)
at org.testng.SuiteRunner.run(SuiteRunner.java:364)
at org.testng.SuiteRunnerWorker.runSuite(SuiteRunnerWorker.java:52)
at org.testng.SuiteRunnerWorker.run(SuiteRunnerWorker.java:84)
at org.testng.TestNG.runSuitesSequentially(TestNG.java:1208)
at org.testng.TestNG.runSuitesLocally(TestNG.java:1137)
at org.testng.TestNG.runSuites(TestNG.java:1049)
at org.testng.TestNG.run(TestNG.java:1017)
at org.testng.remote.AbstractRemoteTestNG.run(AbstractRemoteTestNG.java:114)
at org.testng.remote.RemoteTestNG.initAndRun(RemoteTestNG.java:251)
at org.testng.remote.RemoteTestNG.main(RemoteTestNG.java:77)
]]>
    </failure>
  </testcase> <!-- TC_01 -->
  <testcase name="TC_02" time="3.714" classname="com.steerlean.scenarios.pet.PetPOST"/>
  <testcase name="TC_03" time="1.395" classname="com.steerlean.scenarios.pet.PetPOST"/>
  <testcase name="TC_04" time="1.4" classname="com.steerlean.scenarios.pet.PetPOST"/>
  <testcase name="TC_05" time="1.395" classname="com.steerlean.scenarios.pet.PetPOST">
    <failure type="java.lang.AssertionError" message="null">
      <![CDATA[java.lang.AssertionError: null
at org.testng.Assert.fail(Assert.java:96)
at com.steerlean.scenarios.pet.PetPOST.Error(PetPOST.java:401)
at com.steerlean.scenarios.pet.PetPOST.TC_05(PetPOST.java:90)
at sun.reflect.NativeMethodAccessorImpl.invoke0(Native Method)
at sun.reflect.NativeMethodAccessorImpl.invoke(Unknown Source)
at sun.reflect.DelegatingMethodAccessorImpl.invoke(Unknown Source)
at java.lang.reflect.Method.invoke(Unknown Source)
at org.testng.internal.MethodInvocationHelper.invokeMethod(MethodInvocationHelper.java:124)
at org.testng.internal.Invoker.invokeMethod(Invoker.java:583)
at org.testng.internal.Invoker.invokeTestMethod(Invoker.java:719)
at org.testng.internal.Invoker.invokeTestMethods(Invoker.java:989)
at org.testng.internal.TestMethodWorker.invokeTestMethods(TestMethodWorker.java:125)
at org.testng.internal.TestMethodWorker.run(TestMethodWorker.java:109)
at org.testng.TestRunner.privateRun(TestRunner.java:648)
at org.testng.TestRunner.run(TestRunner.java:505)
at org.testng.SuiteRunner.runTest(SuiteRunner.java:455)
at org.testng.SuiteRunner.runSequentially(SuiteRunner.java:450)
at org.testng.SuiteRunner.privateRun(SuiteRunner.java:415)
at org.testng.SuiteRunner.run(SuiteRunner.java:364)
at org.testng.SuiteRunnerWorker.runSuite(SuiteRunnerWorker.java:52)
at org.testng.SuiteRunnerWorker.run(SuiteRunnerWorker.java:84)
at org.testng.TestNG.runSuitesSequentially(TestNG.java:1208)
at org.testng.TestNG.runSuitesLocally(TestNG.java:1137)
at org.testng.TestNG.runSuites(TestNG.java:1049)
at org.testng.TestNG.run(TestNG.java:1017)
at org.testng.remote.AbstractRemoteTestNG.run(AbstractRemoteTestNG.java:114)
at org.testng.remote.RemoteTestNG.initAndRun(RemoteTestNG.java:251)
at org.testng.remote.RemoteTestNG.main(RemoteTestNG.java:77)
]]>
    </failure>
  </testcase> <!-- TC_05 -->
  <testcase name="TC_06" time="1.366" classname="com.steerlean.scenarios.pet.PetPOST"/>
  <testcase name="TC_07" time="2.285" classname="com.steerlean.scenarios.pet.PetPOST"/>
  <testcase name="TC_08" time="1.387" classname="com.steerlean.scenarios.pet.PetPOST"/>
  <testcase name="TC_09" time="1.346" classname="com.steerlean.scenarios.pet.PetPOST"/>
  <testcase name="TC_10" time="1.352" classname="com.steerlean.scenarios.pet.PetPOST"/>
  <testcase name="TC_11" time="1.357" classname="com.steerlean.scenarios.pet.PetPOST"/>
  <testcase name="TC_12" time="1.405" classname="com.steerlean.scenarios.pet.PetPOST"/>
  <testcase name="TC_13" time="1.394" classname="com.steerlean.scenarios.pet.PetPOST"/>
  <testcase name="TC_14" time="1.362" classname="com.steerlean.scenarios.pet.PetPOST"/>
  <testcase name="TC_15" time="1.419" classname="com.steerlean.scenarios.pet.PetPOST"/>
  <testcase name="TC_16" time="1.376" classname="com.steerlean.scenarios.pet.PetPOST"/>
  <testcase name="TC_17" time="1.426" classname="com.steerlean.scenarios.pet.PetPOST"/>
  <testcase name="TC_19" time="1.376" classname="com.steerlean.scenarios.pet.PetPOST"/>
  <testcase name="TC_20" time="1.386" classname="com.steerlean.scenarios.pet.PetPOST"/>
  <testcase name="TC_21" time="1.378" classname="com.steerlean.scenarios.pet.PetPOST"/>
  <testcase name="TC_22" time="1.365" classname="com.steerlean.scenarios.pet.PetPOST"/>
  <testcase name="TC_23" time="1.376" classname="com.steerlean.scenarios.pet.PetPOST"/>
  <testcase name="TC_24" time="3.699" classname="com.steerlean.scenarios.pet.PetPOST"/>
  <testcase name="TC_25" time="1.311" classname="com.steerlean.scenarios.pet.PetPOST"/>
  <testcase name="TC_26" time="1.318" classname="com.steerlean.scenarios.pet.PetPOST"/>
  <testcase name="TC_27" time="1.311" classname="com.steerlean.scenarios.pet.PetPOST"/>
  <testcase name="TC_28" time="1.318" classname="com.steerlean.scenarios.pet.PetPOST"/>
</testsuite> <!-- Default test -->
